<?xml version="1.0" encoding="UTF-8"?>
<!-- Generated by org.testng.reporters.JUnitXMLReporter -->
<testsuite hostname="xhmdeMac-mini.local" ignored="0" name="test2" tests="1" failures="0" timestamp="01 六月 2017 07:05:51 GMT" time="0.053" errors="0">
  <testcase name="@BeforeTest setUp" time="0.0" classname="testGrid.demo.GridThread">
    <failure type="java.lang.AssertionError" message="browser 参数只能为 firefox、 chrome">
      <![CDATA[java.lang.AssertionError: browser 参数只能为 firefox、 chrome
	at testGrid.demo.GridThread.setUp(GridThread.java:31)
	at java.util.concurrent.FutureTask.run(FutureTask.java:266)
	at java.util.concurrent.ThreadPoolExecutor.runWorker(ThreadPoolExecutor.java:1142)
	at java.util.concurrent.ThreadPoolExecutor$Worker.run(ThreadPoolExecutor.java:617)
	at java.lang.Thread.run(Thread.java:748)
... Removed 15 stack frames]]>
    </failure>
  </testcase> <!-- @BeforeTest setUp -->
  <testcase name="@AfterClass quit" time="0.0" classname="testGrid.demo.GridThread">
    <skipped/>
  </testcase> <!-- @AfterClass quit -->
  <testcase name="test" time="0.001" classname="testGrid.demo.GridThread">
    <skipped/>
  </testcase> <!-- test -->
</testsuite> <!-- test2 -->
