<?xml version="1.0" encoding="UTF-8"?>
<testng-results skipped="0" failed="0" ignored="0" total="1" passed="1">
  <reporter-output>
  </reporter-output>
  <suite name="Default Suite" duration-ms="9627" started-at="2017-06-03T08:09:57Z" finished-at="2017-06-03T08:10:07Z">
    <groups>
    </groups>
    <test name="MyFirstTest" duration-ms="9627" started-at="2017-06-03T08:09:57Z" finished-at="2017-06-03T08:10:07Z">
      <class name="page.demo.LoginTest">
        <test-method status="PASS" signature="SetUP()[pri:0, instance:page.demo.LoginTest@43a25848]" name="SetUP" is-config="true" duration-ms="3676" started-at="2017-06-03T16:09:57Z" finished-at="2017-06-03T16:10:01Z">
          <reporter-output>
          </reporter-output>
        </test-method> <!-- SetUP -->
        <test-method status="PASS" signature="testCase()[pri:0, instance:page.demo.LoginTest@43a25848]" name="testCase" duration-ms="5783" started-at="2017-06-03T16:10:01Z" finished-at="2017-06-03T16:10:07Z">
          <reporter-output>
          </reporter-output>
        </test-method> <!-- testCase -->
        <test-method status="PASS" signature="tearDown()[pri:0, instance:page.demo.LoginTest@43a25848]" name="tearDown" is-config="true" duration-ms="146" started-at="2017-06-03T16:10:07Z" finished-at="2017-06-03T16:10:07Z">
          <reporter-output>
          </reporter-output>
        </test-method> <!-- tearDown -->
      </class> <!-- page.demo.LoginTest -->
    </test> <!-- MyFirstTest -->
  </suite> <!-- Default Suite -->
</testng-results>
